<?xml version="1.0" encoding="UTF-8"?>
<!-- Generated by org.testng.reporters.JUnitXMLReporter -->
<testsuite ignored="0" hostname="LAPTOP-BMG3IF9N" failures="0" tests="3" name="Login" time="36.755" errors="0" timestamp="2023-01-01T10:39:11 CET">
  <testcase classname="tests.Test_01_RegistrationValid" name="registration_vallid" time="11.41"/>
  <testcase classname="tests.Test_03_VallidLogin" name="login_vallid" time="10.025"/>
  <testcase classname="tests.Test_04_InvallidLogin" name="login_invallid" time="8.738"/>
</testsuite> <!-- Login -->
