<?xml version="1.0" encoding="UTF-8"?>
<!-- Generated by org.testng.reporters.JUnitXMLReporter -->
<testsuite ignored="0" hostname="LAPTOP-BMG3IF9N" failures="0" tests="3" name="Login" time="195.096" errors="0" timestamp="2023-01-02T15:17:40 CET">
  <testcase classname="tests.Test_01_RegistrationValid" name="registration_vallid" time="75.226"/>
  <testcase classname="tests.Test_03_VallidLogin" name="login_vallid" time="59.811"/>
  <testcase classname="tests.Test_04_InvallidLogin" name="login_invallid" time="52.736"/>
</testsuite> <!-- Login -->
