<?xml version="1.0" encoding="UTF-8"?>
<testng-results ignored="0" total="3" passed="3" failed="0" skipped="0">
  <reporter-output>
  </reporter-output>
  <suite started-at="2023-01-02T15:14:25 CET" name="TestSuite" finished-at="2023-01-02T15:17:40 CET" duration-ms="195096">
    <groups>
    </groups>
    <test started-at="2023-01-02T15:14:25 CET" name="Login" finished-at="2023-01-02T15:17:40 CET" duration-ms="195096">
      <class name="tests.Test_04_InvallidLogin">
        <test-method is-config="true" signature="setUp(java.lang.String)[pri:0, instance:tests.Test_04_InvallidLogin@45099dd3]" started-at="2023-01-02T15:16:45 CET" name="setUp" finished-at="2023-01-02T15:16:47 CET" duration-ms="1579" status="PASS">
          <params>
            <param index="0">
              <value>
                <![CDATA[chrome]]>
              </value>
            </param>
          </params>
          <reporter-output>
          </reporter-output>
        </test-method> <!-- setUp -->
        <test-method signature="login_invallid()[pri:0, instance:tests.Test_04_InvallidLogin@45099dd3]" started-at="2023-01-02T15:16:47 CET" name="login_invallid" finished-at="2023-01-02T15:17:40 CET" duration-ms="52736" status="PASS">
          <reporter-output>
          </reporter-output>
        </test-method> <!-- login_invallid -->
        <test-method is-config="true" signature="cleanUp()[pri:0, instance:tests.Test_04_InvallidLogin@45099dd3]" started-at="2023-01-02T15:17:40 CET" name="cleanUp" finished-at="2023-01-02T15:17:40 CET" duration-ms="353" status="PASS">
          <reporter-output>
          </reporter-output>
        </test-method> <!-- cleanUp -->
      </class> <!-- tests.Test_04_InvallidLogin -->
      <class name="tests.Test_03_VallidLogin">
        <test-method is-config="true" signature="setUp(java.lang.String)[pri:0, instance:tests.Test_03_VallidLogin@6340e5f0]" started-at="2023-01-02T15:15:44 CET" name="setUp" finished-at="2023-01-02T15:15:45 CET" duration-ms="1390" status="PASS">
          <params>
            <param index="0">
              <value>
                <![CDATA[chrome]]>
              </value>
            </param>
          </params>
          <reporter-output>
          </reporter-output>
        </test-method> <!-- setUp -->
        <test-method signature="login_vallid()[pri:0, instance:tests.Test_03_VallidLogin@6340e5f0]" started-at="2023-01-02T15:15:45 CET" name="login_vallid" finished-at="2023-01-02T15:16:45 CET" duration-ms="59811" status="PASS">
          <reporter-output>
          </reporter-output>
        </test-method> <!-- login_vallid -->
        <test-method is-config="true" signature="cleanUp()[pri:0, instance:tests.Test_03_VallidLogin@6340e5f0]" started-at="2023-01-02T15:16:45 CET" name="cleanUp" finished-at="2023-01-02T15:16:45 CET" duration-ms="301" status="PASS">
          <reporter-output>
          </reporter-output>
        </test-method> <!-- cleanUp -->
      </class> <!-- tests.Test_03_VallidLogin -->
      <class name="tests.Test_01_RegistrationValid">
        <test-method is-config="true" signature="setUp(java.lang.String)[pri:0, instance:tests.Test_01_RegistrationValid@4686afc2]" started-at="2023-01-02T15:14:25 CET" name="setUp" finished-at="2023-01-02T15:14:28 CET" duration-ms="3218" status="PASS">
          <params>
            <param index="0">
              <value>
                <![CDATA[chrome]]>
              </value>
            </param>
          </params>
          <reporter-output>
          </reporter-output>
        </test-method> <!-- setUp -->
        <test-method signature="registration_vallid()[pri:0, instance:tests.Test_01_RegistrationValid@4686afc2]" started-at="2023-01-02T15:14:28 CET" name="registration_vallid" finished-at="2023-01-02T15:15:44 CET" duration-ms="75226" status="PASS">
          <reporter-output>
          </reporter-output>
        </test-method> <!-- registration_vallid -->
        <test-method is-config="true" signature="cleanUp()[pri:0, instance:tests.Test_01_RegistrationValid@4686afc2]" started-at="2023-01-02T15:15:44 CET" name="cleanUp" finished-at="2023-01-02T15:15:44 CET" duration-ms="375" status="PASS">
          <reporter-output>
          </reporter-output>
        </test-method> <!-- cleanUp -->
      </class> <!-- tests.Test_01_RegistrationValid -->
    </test> <!-- Login -->
  </suite> <!-- TestSuite -->
</testng-results>
